<?xml version="1.0" encoding="UTF-8"?>
<testsuite xmlns:xsi="http://www.w3.org/2001/XMLSchema-instance" xsi:noNamespaceSchemaLocation="https://maven.apache.org/surefire/maven-surefire-plugin/xsd/surefire-test-report-3.0.xsd" version="3.0" name="LoginValidatorTest" time="0.048" tests="7" errors="0" skipped="0" failures="0">
  <properties>
[...]
</properties>
  <testcase name="should_RejectLogin_When_InputsAreNullOrEmpty" classname="LoginValidatorTest" time="0.001"/>
  <testcase name="should_RejectLogin_When_PinFormatIsInvalid(String)[1]" classname="LoginValidatorTest" time="0.008"/>
  <testcase name="should_RejectLogin_When_PinFormatIsInvalid(String)[2]" classname="LoginValidatorTest" time="0.002"/>
  <testcase name="should_RejectLogin_When_PinFormatIsInvalid(String)[3]" classname="LoginValidatorTest" time="0.0"/>
  <testcase name="should_RejectLogin_When_PinFormatIsInvalid(String)[4]" classname="LoginValidatorTest" time="0.0"/>
  <testcase name="should_RejectLogin_When_PinFormatIsInvalid(String)[5]" classname="LoginValidatorTest" time="0.0"/>
  <testcase name="should_RejectLogin_When_PinFormatIsInvalid(String)[6]" classname="LoginValidatorTest" time="0.0"/>
</testsuite>